#
# There is insufficient memory for the Java Runtime Environment to continue.
# Native memory allocation (mmap) failed to map 167772160 bytes for Failed to commit area from 0x0000000760e00000 to 0x000000076ae00000 of length 167772160.
# Possible reasons:
#   The system is out of physical RAM or swap space
#   The process is running with CompressedOops enabled, and the Java Heap may be blocking the growth of the native heap
# Possible solutions:
#   Reduce memory load on the system
#   Increase physical memory or swap space
#   Check if swap backing store is full
#   Decrease Java heap size (-Xmx/-Xms)
#   Decrease number of Java threads
#   Decrease Java thread stack sizes (-Xss)
#   Set larger code cache with -XX:ReservedCodeCacheSize=
# This output file may be truncated or incomplete.
#
#  Out of Memory Error (./src/hotspot/os/windows/os_windows.cpp:3386), pid=18776, tid=8656
#
# JRE version:  (11.0.18+10) (build )
# Java VM: OpenJDK 64-Bit Server VM (11.0.18+10-LTS, mixed mode, sharing, tiered, compressed oops, g1 gc, windows-amd64)
# No core dump will be written. Minidumps are not enabled by default on client versions of Windows
#

---------------  S U M M A R Y ------------

Command Line: -agentlib:jdwp=transport=dt_socket,address=127.0.0.1:53427,suspend=y,server=n -XX:TieredStopAtLevel=1 -Xverify:none -Dspring.output.ansi.enabled=always -Dcom.sun.management.jmxremote -Dspring.jmx.enabled=true -Dspring.liveBeansView.mbeanDomain -Dspring.application.admin.enabled=true -Dmanagement.endpoints.jmx.exposure.include=* -javaagent:C:\Users\ChertkovFedor\AppData\Local\JetBrains\IntelliJIdea2022.3\captureAgent\debugger-agent.jar -Dfile.encoding=UTF-8 ru.practicum.shareit.ShareItApp

Host: AMD Ryzen 5 3500U with Radeon Vega Mobile Gfx  , 8 cores, 9G,  Windows 11 , 64 bit Build 22621 (10.0.22621.963)
Time: Thu Mar 30 14:28:33 2023  Windows 11 , 64 bit Build 22621 (10.0.22621.963) elapsed time: 0.047814 seconds (0d 0h 0m 0s)

---------------  T H R E A D  ---------------

Current thread (0x0000020545517000):  JavaThread "Unknown thread" [_thread_in_vm, id=8656, stack(0x0000005570a00000,0x0000005570b00000)]

Stack: [0x0000005570a00000,0x0000005570b00000]
Native frames: (J=compiled Java code, j=interpreted, Vv=VM code, C=native code)
V  [jvm.dll+0x622d9a]
V  [jvm.dll+0x7b0289]
V  [jvm.dll+0x7b1978]
V  [jvm.dll+0x7b2053]
V  [jvm.dll+0x24fe08]
V  [jvm.dll+0x6200aa]
V  [jvm.dll+0x614665]
V  [jvm.dll+0x30a3ec]
V  [jvm.dll+0x30a272]
V  [jvm.dll+0x30ef86]
V  [jvm.dll+0x35552f]
V  [jvm.dll+0x354f60]
V  [jvm.dll+0x2e7408]
V  [jvm.dll+0x2e8566]
V  [jvm.dll+0x78a0d7]
V  [jvm.dll+0x78b85f]
V  [jvm.dll+0x362279]
V  [jvm.dll+0x76d040]
V  [jvm.dll+0x3d0bbf]
V  [jvm.dll+0x3d2f51]
C  [jli.dll+0x5207]
C  [ucrtbase.dll+0x29363]
C  [KERNEL32.DLL+0x126bd]
C  [ntdll.dll+0x5dfb8]


---------------  P R O C E S S  ---------------

Threads class SMR info:
_java_thread_list=0x000002054338d0c0, length=0, elements={
}

Java Threads: ( => current thread )

Other Threads:
  0x0000020545533000 GCTaskThread "GC Thread#0" [stack: 0x0000005570b00000,0x0000005570c00000] [id=18628]
  0x0000020545569000 ConcurrentGCThread "G1 Main Marker" [stack: 0x0000005570c00000,0x0000005570d00000] [id=13920]
  0x000002054556b000 ConcurrentGCThread "G1 Conc#0" [stack: 0x0000005570d00000,0x0000005570e00000] [id=7152]

[error occurred during error reporting (printing all threads), id 0xc0000005, EXCEPTION_ACCESS_VIOLATION (0xc0000005) at pc=0x00007fff07b36bd7]

VM state:not at safepoint (not fully initialized)

VM Mutex/Monitor currently owned by a thread:  ([mutex/lock_event])
[0x0000020545514ab0] Heap_lock - owner thread: 0x0000020545517000

Heap address: 0x0000000760e00000, size: 2546 MB, Compressed Oops mode: Non-zero based: 0x0000000760e00000
Narrow klass base: 0x0000000000000000, Narrow klass shift: 0

GC Heap History (0 events):
No events

Deoptimization events (0 events):
No events

Classes redefined (0 events):
No events

Internal exceptions (0 events):
No events

Events (1 events):
Event: 0.033 Loaded shared library C:\Program Files\Amazon Corretto\jdk11.0.18_10\bin\zip.dll


Dynamic libraries:
0x00007ff633c90000 - 0x00007ff633c9d000 	C:\Program Files\Amazon Corretto\jdk11.0.18_10\bin\java.exe
0x00007fff4cdb0000 - 0x00007fff4cfc4000 	C:\WINDOWS\SYSTEM32\ntdll.dll
0x00007fff4b980000 - 0x00007fff4ba43000 	C:\WINDOWS\System32\KERNEL32.DLL
0x00007fff4a1d0000 - 0x00007fff4a56d000 	C:\WINDOWS\System32\KERNELBASE.dll
0x00007fff4a950000 - 0x00007fff4aa61000 	C:\WINDOWS\System32\ucrtbase.dll
0x00007fff3ea60000 - 0x00007fff3ea77000 	C:\Program Files\Amazon Corretto\jdk11.0.18_10\bin\jli.dll
0x00007fff3ea80000 - 0x00007fff3ea99000 	C:\Program Files\Amazon Corretto\jdk11.0.18_10\bin\VCRUNTIME140.dll
0x00007fff4ad50000 - 0x00007fff4aefd000 	C:\WINDOWS\System32\USER32.dll
0x00007fff4a570000 - 0x00007fff4a596000 	C:\WINDOWS\System32\win32u.dll
0x00007fff4bac0000 - 0x00007fff4bae9000 	C:\WINDOWS\System32\GDI32.dll
0x00007fff25720000 - 0x00007fff259ae000 	C:\WINDOWS\WinSxS\amd64_microsoft.windows.common-controls_6595b64144ccf1df_6.0.22621.608_none_a9444ca7c10bb01d\COMCTL32.dll
0x00007fff4a5a0000 - 0x00007fff4a6b2000 	C:\WINDOWS\System32\gdi32full.dll
0x00007fff4c350000 - 0x00007fff4c3f7000 	C:\WINDOWS\System32\msvcrt.dll
0x00007fff4a6c0000 - 0x00007fff4a75a000 	C:\WINDOWS\System32\msvcp_win.dll
0x00007fff4c310000 - 0x00007fff4c342000 	C:\WINDOWS\System32\IMM32.DLL
0x00007fff20b30000 - 0x00007fff20bcb000 	C:\Program Files\Amazon Corretto\jdk11.0.18_10\bin\msvcp140.dll
0x00007fff07840000 - 0x00007fff083ca000 	C:\Program Files\Amazon Corretto\jdk11.0.18_10\bin\server\jvm.dll
0x00007fff4ca00000 - 0x00007fff4caae000 	C:\WINDOWS\System32\ADVAPI32.dll
0x00007fff4c550000 - 0x00007fff4c5f4000 	C:\WINDOWS\System32\sechost.dll
0x00007fff4cc50000 - 0x00007fff4cd65000 	C:\WINDOWS\System32\RPCRT4.dll
0x00007fff4c1e0000 - 0x00007fff4c1e8000 	C:\WINDOWS\System32\PSAPI.DLL
0x00007fff235a0000 - 0x00007fff235a9000 	C:\WINDOWS\SYSTEM32\WSOCK32.dll
0x00007fff40780000 - 0x00007fff4078a000 	C:\WINDOWS\SYSTEM32\VERSION.dll
0x00007fff44500000 - 0x00007fff44534000 	C:\WINDOWS\SYSTEM32\WINMM.dll
0x00007fff4acd0000 - 0x00007fff4ad41000 	C:\WINDOWS\System32\WS2_32.dll
0x00007fff49230000 - 0x00007fff49248000 	C:\WINDOWS\SYSTEM32\kernel.appcore.dll
0x00007fff3ea50000 - 0x00007fff3ea60000 	C:\Program Files\Amazon Corretto\jdk11.0.18_10\bin\verify.dll
0x00007fff40950000 - 0x00007fff40b7e000 	C:\WINDOWS\SYSTEM32\DBGHELP.DLL
0x00007fff4c670000 - 0x00007fff4c9fa000 	C:\WINDOWS\System32\combase.dll
0x00007fff4c450000 - 0x00007fff4c527000 	C:\WINDOWS\System32\OLEAUT32.dll
0x00007fff3a040000 - 0x00007fff3a072000 	C:\WINDOWS\SYSTEM32\dbgcore.DLL
0x00007fff4a8d0000 - 0x00007fff4a94b000 	C:\WINDOWS\System32\bcryptPrimitives.dll
0x00007fff38e00000 - 0x00007fff38e28000 	C:\Program Files\Amazon Corretto\jdk11.0.18_10\bin\java.dll
0x00007fff3e3d0000 - 0x00007fff3e3da000 	C:\Program Files\Amazon Corretto\jdk11.0.18_10\bin\jimage.dll
0x00007fff44d70000 - 0x00007fff44da8000 	C:\Program Files\Amazon Corretto\jdk11.0.18_10\bin\jdwp.dll
0x00007fff45c90000 - 0x00007fff45c9e000 	C:\Program Files\Amazon Corretto\jdk11.0.18_10\bin\instrument.dll
0x00007fff3afb0000 - 0x00007fff3afc8000 	C:\Program Files\Amazon Corretto\jdk11.0.18_10\bin\zip.dll

dbghelp: loaded successfully - version: 4.0.5 - missing functions: none
symbol engine: initialized successfully - sym options: 0x614 - pdb path: .;C:\Program Files\Amazon Corretto\jdk11.0.18_10\bin;C:\WINDOWS\SYSTEM32;C:\WINDOWS\WinSxS\amd64_microsoft.windows.common-controls_6595b64144ccf1df_6.0.22621.608_none_a9444ca7c10bb01d;C:\Program Files\Amazon Corretto\jdk11.0.18_10\bin\server

VM Arguments:
jvm_args: -agentlib:jdwp=transport=dt_socket,address=127.0.0.1:53427,suspend=y,server=n -XX:TieredStopAtLevel=1 -Xverify:none -Dspring.output.ansi.enabled=always -Dcom.sun.management.jmxremote -Dspring.jmx.enabled=true -Dspring.liveBeansView.mbeanDomain -Dspring.application.admin.enabled=true -Dmanagement.endpoints.jmx.exposure.include=* -javaagent:C:\Users\ChertkovFedor\AppData\Local\JetBrains\IntelliJIdea2022.3\captureAgent\debugger-agent.jar -Dfile.encoding=UTF-8 
java_command: ru.practicum.shareit.ShareItApp
java_class_path (initial): C:\Chertkov\IdeaProjects\java-shareit\target\classes;C:\Users\ChertkovFedor\.m2\repository\org\springframework\boot\spring-boot-starter-web\2.7.2\spring-boot-starter-web-2.7.2.jar;C:\Users\ChertkovFedor\.m2\repository\org\springframework\boot\spring-boot-starter\2.7.2\spring-boot-starter-2.7.2.jar;C:\Users\ChertkovFedor\.m2\repository\org\springframework\boot\spring-boot\2.7.2\spring-boot-2.7.2.jar;C:\Users\ChertkovFedor\.m2\repository\org\springframework\boot\spring-boot-autoconfigure\2.7.2\spring-boot-autoconfigure-2.7.2.jar;C:\Users\ChertkovFedor\.m2\repository\org\springframework\boot\spring-boot-starter-logging\2.7.2\spring-boot-starter-logging-2.7.2.jar;C:\Users\ChertkovFedor\.m2\repository\ch\qos\logback\logback-classic\1.2.11\logback-classic-1.2.11.jar;C:\Users\ChertkovFedor\.m2\repository\ch\qos\logback\logback-core\1.2.11\logback-core-1.2.11.jar;C:\Users\ChertkovFedor\.m2\repository\org\apache\logging\log4j\log4j-to-slf4j\2.17.2\log4j-to-slf4j-2.17.2.jar;C:\Users\ChertkovFedor\.m2\repository\org\apache\logging\log4j\log4j-api\2.17.2\log4j-api-2.17.2.jar;C:\Users\ChertkovFedor\.m2\repository\org\slf4j\jul-to-slf4j\1.7.36\jul-to-slf4j-1.7.36.jar;C:\Users\ChertkovFedor\.m2\repository\jakarta\annotation\jakarta.annotation-api\1.3.5\jakarta.annotation-api-1.3.5.jar;C:\Users\ChertkovFedor\.m2\repository\org\yaml\snakeyaml\1.30\snakeyaml-1.30.jar;C:\Users\ChertkovFedor\.m2\repository\org\springframework\boot\spring-boot-starter-json\2.7.2\spring-boot-starter-json-2.7.2.jar;C:\Users\ChertkovFedor\.m2\repository\com\fasterxml\jackson\core\jackson-databind\2.13.3\jackson-databind-2.13.3.jar;C:\Users\ChertkovFedor\.m2\repository\com\fasterxml\jackson\core\jackson-annotations\2.13.3\jackson-annotations-2.13.3.jar;C:\Users\ChertkovFedor\.m2\repository\com\fasterxml\jackson\core\jackson-core\2.13.3\jackson-core-2.13.3.jar;C:\Users\ChertkovFedor\.m2\repository\com\fasterxml\jackson\datatype\jackson-datatype-jdk8\2.13.3\jackson-datatype-jdk8-2
Launcher Type: SUN_STANDARD

[Global flags]
     bool BytecodeVerificationLocal                = false                                     {product} {command line}
     bool BytecodeVerificationRemote               = false                                     {product} {command line}
     intx CICompilerCount                          = 4                                         {product} {ergonomic}
     uint ConcGCThreads                            = 2                                         {product} {ergonomic}
     uint G1ConcRefinementThreads                  = 8                                         {product} {ergonomic}
   size_t G1HeapRegionSize                         = 1048576                                   {product} {ergonomic}
    uintx GCDrainStackTargetSize                   = 64                                        {product} {ergonomic}
   size_t InitialHeapSize                          = 167772160                                 {product} {ergonomic}
     bool ManagementServer                         = true                                      {product} {command line}
   size_t MarkStackSize                            = 4194304                                   {product} {ergonomic}
   size_t MaxHeapSize                              = 2669674496                                {product} {ergonomic}
   size_t MinHeapDeltaBytes                        = 1048576                                   {product} {ergonomic}
    uintx NonNMethodCodeHeapSize                   = 7549744                                {pd product} {ergonomic}
    uintx NonProfiledCodeHeapSize                  = 244108496                              {pd product} {ergonomic}
    uintx ProfiledCodeHeapSize                     = 0                                      {pd product} {ergonomic}
    uintx ReservedCodeCacheSize                    = 251658240                              {pd product} {ergonomic}
     bool SegmentedCodeCache                       = true                                      {product} {ergonomic}
     intx TieredStopAtLevel                        = 1                                         {product} {command line}
     bool UseCompressedClassPointers               = true                                 {lp64_product} {ergonomic}
     bool UseCompressedOops                        = true                                 {lp64_product} {ergonomic}
     bool UseG1GC                                  = true                                      {product} {ergonomic}
     bool UseLargePagesIndividualAllocation        = false                                  {pd product} {ergonomic}

Logging:
Log output configuration:
 #0: stdout all=warning uptime,level,tags
 #1: stderr all=off uptime,level,tags

Environment Variables:
JAVA_HOME=C:\Program Files\Amazon Corretto\jdk11.0.18_10
PATH=C:\Program Files\Amazon Corretto\jdk11.0.18_10\bin;C:\WINDOWS\system32;C:\WINDOWS;C:\WINDOWS\System32\Wbem;C:\WINDOWS\System32\WindowsPowerShell\v1.0\;C:\WINDOWS\System32\OpenSSH\;C:\Program Files\Git\cmd;C:\Program Files\dotnet\;C:\Program Files\WireGuard\;C:\Program Files (x86)\IDEMIA\AWP\Dlls;C:\Program Files\IDEMIA\AWP\Dlls;C:\Users\ChertkovFedor\AppData\Local\Microsoft\WindowsApps;
USERNAME=ChertkovFedor
OS=Windows_NT
PROCESSOR_IDENTIFIER=AMD64 Family 23 Model 24 Stepping 1, AuthenticAMD
TMP=C:\Users\CHERTK~1\AppData\Local\Temp
TEMP=C:\Users\CHERTK~1\AppData\Local\Temp



---------------  S Y S T E M  ---------------

OS: Windows 11 , 64 bit Build 22621 (10.0.22621.963)
OS uptime: 6 days 2:18 hours

CPU:total 8 (initial active 8) (8 cores per cpu, 2 threads per core) family 23 model 24 stepping 1 microcode 0x0, cmov, cx8, fxsr, mmx, sse, sse2, sse3, ssse3, sse4.1, sse4.2, popcnt, avx, avx2, aes, clmul, mmxext, 3dnowpref, lzcnt, sse4a, ht, tsc, tscinvbit, tscinv, bmi1, bmi2, adx, sha, fma

Memory: 4k page, system-wide physical 10177M (823M free)
TotalPageFile size 13677M (AvailPageFile size 127M)
current process WorkingSet (physical memory assigned to process): 11M, peak: 11M
current process commit charge ("private bytes"): 58M, peak: 218M

vm_info: OpenJDK 64-Bit Server VM (11.0.18+10-LTS) for windows-amd64 JRE (11.0.18+10-LTS), built on Jan 10 2023 20:17:52 by "Administrator" with MS VC++ 15.9 (VS2017)

END.
